14:57:29,521 INFO  [AbstractJBossASServerBase] Server Configuration:

	JBOSS_HOME URL: file:/C:/Users/onedo/Desktop/EDGAR/ejbfinal/jboss6/
	Bootstrap: $JBOSS_HOME\server/default/conf/bootstrap.xml
	Common Base: $JBOSS_HOME\common/
	Common Library: $JBOSS_HOME\common/lib/
	Server Name: default
	Server Base: $JBOSS_HOME\server/
	Server Library: $JBOSS_HOME\server/default/lib/
	Server Config: $JBOSS_HOME\server/default/conf/
	Server Home: $JBOSS_HOME\server/default/
	Server Data: $JBOSS_HOME\server/default/data/
	Server Log: $JBOSS_HOME\server/default/log/
	Server Temp: $JBOSS_HOME\server/default/tmp/

14:57:29,523 INFO  [AbstractServer] Starting: JBossAS [6.1.0.Final "Neo"]
14:57:30,315 INFO  [ServerInfo] Java version: 1.8.0_181,Oracle Corporation
14:57:30,315 INFO  [ServerInfo] Java Runtime: Java(TM) SE Runtime Environment (build 1.8.0_181-b13)
14:57:30,316 INFO  [ServerInfo] Java VM: Java HotSpot(TM) 64-Bit Server VM 25.181-b13,Oracle Corporation
14:57:30,316 INFO  [ServerInfo] OS-System: Windows 10 10.0,amd64
14:57:30,316 INFO  [ServerInfo] VM arguments: -Dprogram.name=JBossTools: JBoss AS 6.x -Djava.awt.headless=true -Xms256m -Xmx768m -XX:MaxPermSize=256m -Dsun.rmi.dgc.client.gcInterval=3600000 -Dsun.rmi.dgc.server.gcInterval=3600000 -Djava.endorsed.dirs=C:\Users\onedo\Desktop\EDGAR\ejbfinal\jboss6\lib\endorsed -Djava.library.path=C:/Users/onedo/Desktop/EDGAR/ejbfinal/jboss6/bin/native -Dlogging.configuration=file:C:\Users\onedo\Desktop\EDGAR\ejbfinal\jboss6\bin\logging.properties -Dfile.encoding=Cp1252 
14:57:30,316 DEBUG [ServerInfo] Full System Properties Dump
14:57:30,316 DEBUG [ServerInfo]     awt.toolkit: sun.awt.windows.WToolkit
14:57:30,316 DEBUG [ServerInfo]     bind.address: localhost
14:57:30,316 DEBUG [ServerInfo]     file.encoding: Cp1252
14:57:30,317 DEBUG [ServerInfo]     file.encoding.pkg: sun.io
14:57:30,317 DEBUG [ServerInfo]     file.separator: \
14:57:30,317 DEBUG [ServerInfo]     java.awt.graphicsenv: sun.awt.Win32GraphicsEnvironment
14:57:30,317 DEBUG [ServerInfo]     java.awt.headless: true
14:57:30,317 DEBUG [ServerInfo]     java.awt.printerjob: sun.awt.windows.WPrinterJob
14:57:30,317 DEBUG [ServerInfo]     java.class.path: C:\Users\onedo\Desktop\EDGAR\ejbfinal\jboss6\bin\run.jar;C:\Program Files\Java\jre1.8.0_181\lib\resources.jar;C:\Program Files\Java\jre1.8.0_181\lib\rt.jar;C:\Program Files\Java\jre1.8.0_181\lib\jsse.jar;C:\Program Files\Java\jre1.8.0_181\lib\jce.jar;C:\Program Files\Java\jre1.8.0_181\lib\charsets.jar;C:\Program Files\Java\jre1.8.0_181\lib\jfr.jar
14:57:30,317 DEBUG [ServerInfo]     java.class.version: 52.0
14:57:30,317 DEBUG [ServerInfo]     java.endorsed.dirs: C:\Users\onedo\Desktop\EDGAR\ejbfinal\jboss6\lib\endorsed
14:57:30,317 DEBUG [ServerInfo]     java.ext.dirs: C:\Program Files\Java\jre1.8.0_181\lib\ext;C:\WINDOWS\Sun\Java\lib\ext
14:57:30,317 DEBUG [ServerInfo]     java.home: C:\Program Files\Java\jre1.8.0_181
14:57:30,317 DEBUG [ServerInfo]     java.io.tmpdir: C:\Users\onedo\AppData\Local\Temp\
14:57:30,317 DEBUG [ServerInfo]     java.library.path: C:/Users/onedo/Desktop/EDGAR/ejbfinal/jboss6/bin/native
14:57:30,318 DEBUG [ServerInfo]     java.protocol.handler.pkgs: org.jboss.net.protocol|org.jboss.vfs.protocol
14:57:30,318 DEBUG [ServerInfo]     java.rmi.server.RMIClassLoaderSpi: org.jboss.system.JBossRMIClassLoader
14:57:30,318 DEBUG [ServerInfo]     java.rmi.server.hostname: localhost
14:57:30,318 DEBUG [ServerInfo]     java.runtime.name: Java(TM) SE Runtime Environment
14:57:30,318 DEBUG [ServerInfo]     java.runtime.version: 1.8.0_181-b13
14:57:30,318 DEBUG [ServerInfo]     java.specification.name: Java Platform API Specification
14:57:30,318 DEBUG [ServerInfo]     java.specification.vendor: Oracle Corporation
14:57:30,318 DEBUG [ServerInfo]     java.specification.version: 1.8
14:57:30,318 DEBUG [ServerInfo]     java.util.logging.manager: org.jboss.logmanager.LogManager
14:57:30,318 DEBUG [ServerInfo]     java.vendor: Oracle Corporation
14:57:30,318 DEBUG [ServerInfo]     java.vendor.url: http://java.oracle.com/
14:57:30,319 DEBUG [ServerInfo]     java.vendor.url.bug: http://bugreport.sun.com/bugreport/
14:57:30,319 DEBUG [ServerInfo]     java.version: 1.8.0_181
14:57:30,319 DEBUG [ServerInfo]     java.vm.info: mixed mode
14:57:30,319 DEBUG [ServerInfo]     java.vm.name: Java HotSpot(TM) 64-Bit Server VM
14:57:30,319 DEBUG [ServerInfo]     java.vm.specification.name: Java Virtual Machine Specification
14:57:30,319 DEBUG [ServerInfo]     java.vm.specification.vendor: Oracle Corporation
14:57:30,319 DEBUG [ServerInfo]     java.vm.specification.version: 1.8
14:57:30,319 DEBUG [ServerInfo]     java.vm.vendor: Oracle Corporation
14:57:30,319 DEBUG [ServerInfo]     java.vm.version: 25.181-b13
14:57:30,319 DEBUG [ServerInfo]     javax.management.builder.initial: org.jboss.mx.server.MBeanServerBuilderImpl
14:57:30,319 DEBUG [ServerInfo]     jboss.bind.address: localhost
14:57:30,320 DEBUG [ServerInfo]     jboss.boot.server.log.dir: C:\Users\onedo\Desktop\EDGAR\ejbfinal\jboss6\server\default\log
14:57:30,320 DEBUG [ServerInfo]     jboss.bootstrap.home.url: file:/C:/Users/onedo/Desktop/EDGAR/ejbfinal/jboss6/server/default/conf/
14:57:30,320 DEBUG [ServerInfo]     jboss.bootstrap.name: bootstrap.xml
14:57:30,320 DEBUG [ServerInfo]     jboss.bootstrap.url: file:/C:/Users/onedo/Desktop/EDGAR/ejbfinal/jboss6/server/default/conf/bootstrap.xml
14:57:30,320 DEBUG [ServerInfo]     jboss.common.base.url: file:/C:/Users/onedo/Desktop/EDGAR/ejbfinal/jboss6/common/
14:57:30,320 DEBUG [ServerInfo]     jboss.common.lib.url: file:/C:/Users/onedo/Desktop/EDGAR/ejbfinal/jboss6/common/lib/
14:57:30,320 DEBUG [ServerInfo]     jboss.home: C:\Users\onedo\Desktop\EDGAR\ejbfinal\jboss6
14:57:30,320 DEBUG [ServerInfo]     jboss.home.dir: C:\Users\onedo\Desktop\EDGAR\ejbfinal\jboss6
14:57:30,320 DEBUG [ServerInfo]     jboss.home.url: file:/C:/Users/onedo/Desktop/EDGAR/ejbfinal/jboss6/
14:57:30,320 DEBUG [ServerInfo]     jboss.host.name: desktop-tm9j16n
14:57:30,320 DEBUG [ServerInfo]     jboss.lib.url: file:/C:/Users/onedo/Desktop/EDGAR/ejbfinal/jboss6/lib/
14:57:30,320 DEBUG [ServerInfo]     jboss.native.dir: C:\Users\onedo\Desktop\EDGAR\ejbfinal\jboss6\server\default\tmp\native
14:57:30,320 DEBUG [ServerInfo]     jboss.native.load: false
14:57:30,321 DEBUG [ServerInfo]     jboss.node.name: desktop-tm9j16n
14:57:30,321 DEBUG [ServerInfo]     jboss.partition.name: DefaultPartition
14:57:30,321 DEBUG [ServerInfo]     jboss.platform.mbeanserver: true
14:57:30,321 DEBUG [ServerInfo]     jboss.qualified.host.name: desktop-tm9j16n
14:57:30,321 DEBUG [ServerInfo]     jboss.server.base.dir: C:\Users\onedo\Desktop\EDGAR\ejbfinal\jboss6\server
14:57:30,321 DEBUG [ServerInfo]     jboss.server.base.url: file:/C:/Users/onedo/Desktop/EDGAR/ejbfinal/jboss6/server/
14:57:30,321 DEBUG [ServerInfo]     jboss.server.config.url: file:/C:/Users/onedo/Desktop/EDGAR/ejbfinal/jboss6/server/default/conf/
14:57:30,321 DEBUG [ServerInfo]     jboss.server.data.dir: C:\Users\onedo\Desktop\EDGAR\ejbfinal\jboss6\server\default\data
14:57:30,321 DEBUG [ServerInfo]     jboss.server.home.dir: C:\Users\onedo\Desktop\EDGAR\ejbfinal\jboss6\server\default
14:57:30,321 DEBUG [ServerInfo]     jboss.server.home.url: file:/C:/Users/onedo/Desktop/EDGAR/ejbfinal/jboss6/server/default/
14:57:30,321 DEBUG [ServerInfo]     jboss.server.lib.url: file:/C:/Users/onedo/Desktop/EDGAR/ejbfinal/jboss6/server/default/lib/
14:57:30,321 DEBUG [ServerInfo]     jboss.server.log.dir: C:\Users\onedo\Desktop\EDGAR\ejbfinal\jboss6\server\default\log
14:57:30,321 DEBUG [ServerInfo]     jboss.server.name: default
14:57:30,322 DEBUG [ServerInfo]     jboss.server.temp.dir: C:\Users\onedo\Desktop\EDGAR\ejbfinal\jboss6\server\default\tmp
14:57:30,322 DEBUG [ServerInfo]     jboss.vfs.forceCopy: true
14:57:30,322 DEBUG [ServerInfo]     jbossmx.loader.repository.class: org.jboss.mx.loading.UnifiedLoaderRepository3
14:57:30,322 DEBUG [ServerInfo]     jgroups.bind_addr: localhost
14:57:30,322 DEBUG [ServerInfo]     line.separator: 

14:57:30,322 DEBUG [ServerInfo]     log4j.defaultInitOverride: true
14:57:30,322 DEBUG [ServerInfo]     logging.configuration: file:C:\Users\onedo\Desktop\EDGAR\ejbfinal\jboss6\bin\logging.properties
14:57:30,322 DEBUG [ServerInfo]     org.jboss.deployers.spi.deployer.matchers.NameIgnoreMechanism: org.jboss.deployers.spi.deployer.helpers.DummyNameIgnoreMechanism
14:57:30,322 DEBUG [ServerInfo]     org.jboss.logging.Logger.pluginClass: org.jboss.logging.logmanager.LoggerPluginImpl
14:57:30,322 DEBUG [ServerInfo]     org.jboss.reflect.spi.TypeInfoFactory: org.jboss.reflect.plugins.introspection.IntrospectionTypeInfoFactory
14:57:30,323 DEBUG [ServerInfo]     os.arch: amd64
14:57:30,323 DEBUG [ServerInfo]     os.name: Windows 10
14:57:30,323 DEBUG [ServerInfo]     os.version: 10.0
14:57:30,323 DEBUG [ServerInfo]     path.separator: ;
14:57:30,323 DEBUG [ServerInfo]     program.name: JBossTools: JBoss AS 6.x
14:57:30,323 DEBUG [ServerInfo]     sun.arch.data.model: 64
14:57:30,323 DEBUG [ServerInfo]     sun.boot.class.path: C:\Users\onedo\Desktop\EDGAR\ejbfinal\jboss6\lib\endorsed\activation.jar;C:\Users\onedo\Desktop\EDGAR\ejbfinal\jboss6\lib\endorsed\jboss-annotations-api_1.1_spec.jar;C:\Users\onedo\Desktop\EDGAR\ejbfinal\jboss6\lib\endorsed\jboss-jaxb-api_2.2_spec.jar;C:\Users\onedo\Desktop\EDGAR\ejbfinal\jboss6\lib\endorsed\jboss-jaxws-api_2.2_spec.jar;C:\Users\onedo\Desktop\EDGAR\ejbfinal\jboss6\lib\endorsed\jbossws-cxf-factories.jar;C:\Users\onedo\Desktop\EDGAR\ejbfinal\jboss6\lib\endorsed\stax-api.jar;C:\Program Files\Java\jre1.8.0_181\lib\resources.jar;C:\Program Files\Java\jre1.8.0_181\lib\rt.jar;C:\Program Files\Java\jre1.8.0_181\lib\sunrsasign.jar;C:\Program Files\Java\jre1.8.0_181\lib\jsse.jar;C:\Program Files\Java\jre1.8.0_181\lib\jce.jar;C:\Program Files\Java\jre1.8.0_181\lib\charsets.jar;C:\Program Files\Java\jre1.8.0_181\lib\jfr.jar;C:\Program Files\Java\jre1.8.0_181\classes
14:57:30,323 DEBUG [ServerInfo]     sun.boot.library.path: C:\Program Files\Java\jre1.8.0_181\bin
14:57:30,323 DEBUG [ServerInfo]     sun.cpu.endian: little
14:57:30,324 DEBUG [ServerInfo]     sun.cpu.isalist: amd64
14:57:30,324 DEBUG [ServerInfo]     sun.desktop: windows
14:57:30,324 DEBUG [ServerInfo]     sun.io.unicode.encoding: UnicodeLittle
14:57:30,324 DEBUG [ServerInfo]     sun.java.command: org.jboss.Main --configuration=default --host=localhost -Djboss.server.base.url=file:/C:/Users/onedo/Desktop/EDGAR/ejbfinal/jboss6/server/
14:57:30,324 DEBUG [ServerInfo]     sun.java.launcher: SUN_STANDARD
14:57:30,324 DEBUG [ServerInfo]     sun.jnu.encoding: Cp1252
14:57:30,324 DEBUG [ServerInfo]     sun.management.compiler: HotSpot 64-Bit Tiered Compilers
14:57:30,324 DEBUG [ServerInfo]     sun.os.patch.level: 
14:57:30,324 DEBUG [ServerInfo]     sun.rmi.dgc.client.gcInterval: 3600000
14:57:30,325 DEBUG [ServerInfo]     sun.rmi.dgc.server.gcInterval: 3600000
14:57:30,325 DEBUG [ServerInfo]     user.country: BR
14:57:30,325 DEBUG [ServerInfo]     user.dir: C:\Users\onedo\Desktop\EDGAR\ejbfinal\jboss6\bin
14:57:30,325 DEBUG [ServerInfo]     user.home: C:\Users\onedo
14:57:30,325 DEBUG [ServerInfo]     user.language: pt
14:57:30,325 DEBUG [ServerInfo]     user.name: onedo
14:57:30,325 DEBUG [ServerInfo]     user.script: 
14:57:30,325 DEBUG [ServerInfo]     user.timezone: America/Sao_Paulo
14:57:30,325 DEBUG [ServerInfo]     user.variant: 
14:57:30,325 DEBUG [ServerInfo]     xb.builder.repeatableParticleHandlers: false
14:57:30,326 DEBUG [ServerInfo]     xb.builder.useUnorderedSequence: true
14:57:30,360 INFO  [JMXKernel] Legacy JMX core initialized
14:57:36,067 INFO  [AbstractServerConfig] JBoss Web Services - Stack CXF Server 3.4.1.GA
14:57:36,075 WARN  [AbstractKernelController] Broken callback: ClassSingleCallbackItem@d7db40c{name=interface org.jboss.wsf.spi.metadata.DescriptorProcessor whenRequired=ControllerState@6d2bd51d{Installed} dependentState=ControllerState@6d2bd51d{Installed} attributeName=setProcessor owner=AbstractKernelControllerContext@6d6b0a57{ metadata=AbstractBeanMetaData@22c5ed3{name=WSDescriptorDeployer bean=org.jboss.webservices.integration.deployers.WSDescriptorDeployer properties= classLoader=BeanMetaDataDeployer$DeploymentClassLoaderMetaData@274dd142{classloader=null} constructor=null autowireCandidate=true installCallbacks=[method=setProcessor, method=setParser]}name=WSDescriptorDeployer target=org.jboss.webservices.integration.deployers.WSDescriptorDeployer@4bb0df7b state=Installed depends=AbstractDependencyInfo@6291574e{}} signature=org.jboss.wsf.spi.metadata.DescriptorProcessor}: java.lang.ClassCastException: org.jboss.wsf.stack.cxf.deployment.jms.JMSDescriptorProcessorImpl cannot be cast to org.jboss.wsf.spi.metadata.webservices.WebservicesDescriptorProcessor
	at org.jboss.webservices.integration.deployers.WSDescriptorDeployer.setProcessor(WSDescriptorDeployer.java:33) [:6.1.0.Final]
	at sun.reflect.NativeMethodAccessorImpl.invoke0(Native Method) [:1.8.0_181]
	at sun.reflect.NativeMethodAccessorImpl.invoke(Unknown Source) [:1.8.0_181]
	at sun.reflect.DelegatingMethodAccessorImpl.invoke(Unknown Source) [:1.8.0_181]
	at java.lang.reflect.Method.invoke(Unknown Source) [:1.8.0_181]
	at org.jboss.reflect.plugins.introspection.ReflectionUtils.invoke(ReflectionUtils.java:60) [jboss-reflect.jar:2.2.1.SP1]
	at org.jboss.reflect.plugins.introspection.ReflectMethodInfoImpl.invoke(ReflectMethodInfoImpl.java:168) [jboss-reflect.jar:2.2.1.SP1]
	at org.jboss.joinpoint.plugins.BasicMethodJoinPoint.dispatch(BasicMethodJoinPoint.java:66) [jboss-reflect.jar:2.2.1.SP1]
	at org.jboss.beans.info.plugins.AbstractBeanInfo.invoke(AbstractBeanInfo.java:300) [jboss-reflect.jar:2.2.1.SP1]
	at org.jboss.kernel.plugins.dependency.AbstractKernelControllerContext.invoke(AbstractKernelControllerContext.java:305) [jboss-kernel.jar:2.2.0.SP2]
	at org.jboss.kernel.plugins.dependency.ClassSingleCallbackItem.ownerCallback(ClassSingleCallbackItem.java:78) [jboss-kernel.jar:2.2.0.SP2]
	at org.jboss.dependency.plugins.AbstractController.resolveCallbacks(AbstractController.java:1887) [jboss-dependency.jar:2.2.0.SP2]
	at org.jboss.dependency.plugins.AbstractController.resolveCallbacks(AbstractController.java:1937) [jboss-dependency.jar:2.2.0.SP2]
	at org.jboss.dependency.plugins.AbstractController.incrementState(AbstractController.java:1092) [jboss-dependency.jar:2.2.0.SP2]
	at org.jboss.dependency.plugins.AbstractController.executeOrIncrementStateDirectly(AbstractController.java:1322) [jboss-dependency.jar:2.2.0.SP2]
	at org.jboss.dependency.plugins.AbstractController.resolveContexts(AbstractController.java:1246) [jboss-dependency.jar:2.2.0.SP2]
	at org.jboss.dependency.plugins.AbstractController.resolveContexts(AbstractController.java:1139) [jboss-dependency.jar:2.2.0.SP2]
	at org.jboss.dependency.plugins.AbstractController.install(AbstractController.java:894) [jboss-dependency.jar:2.2.0.SP2]
	at org.jboss.dependency.plugins.AbstractController.install(AbstractController.java:641) [jboss-dependency.jar:2.2.0.SP2]
	at org.jboss.deployers.vfs.deployer.kernel.BeanMetaDataDeployer.deploy(BeanMetaDataDeployer.java:182) [:2.2.2.GA]
	at org.jboss.deployers.vfs.deployer.kernel.BeanMetaDataDeployer.deploy(BeanMetaDataDeployer.java:58) [:2.2.2.GA]
	at org.jboss.deployers.spi.deployer.helpers.AbstractSimpleRealDeployer.internalDeploy(AbstractSimpleRealDeployer.java:63) [:2.2.2.GA]
	at org.jboss.deployers.spi.deployer.helpers.AbstractRealDeployer.deploy(AbstractRealDeployer.java:55) [:2.2.2.GA]
	at org.jboss.deployers.plugins.deployers.DeployerWrapper.deploy(DeployerWrapper.java:179) [:2.2.2.GA]
	at org.jboss.deployers.plugins.deployers.DeployersImpl.doDeploy(DeployersImpl.java:1832) [:2.2.2.GA]
	at org.jboss.deployers.plugins.deployers.DeployersImpl.doInstallParentFirst(DeployersImpl.java:1550) [:2.2.2.GA]
	at org.jboss.deployers.plugins.deployers.DeployersImpl.doInstallParentFirst(DeployersImpl.java:1571) [:2.2.2.GA]
	at org.jboss.deployers.plugins.deployers.DeployersImpl.install(DeployersImpl.java:1491) [:2.2.2.GA]
	at org.jboss.dependency.plugins.AbstractControllerContext.install(AbstractControllerContext.java:379) [jboss-dependency.jar:2.2.0.SP2]
	at org.jboss.dependency.plugins.AbstractController.install(AbstractController.java:2044) [jboss-dependency.jar:2.2.0.SP2]
	at org.jboss.dependency.plugins.AbstractController.incrementState(AbstractController.java:1083) [jboss-dependency.jar:2.2.0.SP2]
	at org.jboss.dependency.plugins.AbstractController.executeOrIncrementStateDirectly(AbstractController.java:1322) [jboss-dependency.jar:2.2.0.SP2]
	at org.jboss.dependency.plugins.AbstractController.resolveContexts(AbstractController.java:1246) [jboss-dependency.jar:2.2.0.SP2]
	at org.jboss.dependency.plugins.AbstractController.resolveContexts(AbstractController.java:1139) [jboss-dependency.jar:2.2.0.SP2]
	at org.jboss.dependency.plugins.AbstractController.change(AbstractController.java:939) [jboss-dependency.jar:2.2.0.SP2]
	at org.jboss.dependency.plugins.AbstractController.change(AbstractController.java:654) [jboss-dependency.jar:2.2.0.SP2]
	at org.jboss.deployers.plugins.deployers.DeployersImpl.change(DeployersImpl.java:1983) [:2.2.2.GA]
	at org.jboss.deployers.plugins.deployers.DeployersImpl.process(DeployersImpl.java:1076) [:2.2.2.GA]
	at org.jboss.deployers.plugins.main.MainDeployerImpl.process(MainDeployerImpl.java:679) [:2.2.2.GA]
	at org.jboss.system.server.profileservice.deployers.MainDeployerPlugin.process(MainDeployerPlugin.java:106) [:6.1.0.Final]
	at org.jboss.profileservice.dependency.ProfileControllerContext$DelegateDeployer.process(ProfileControllerContext.java:143) [:0.2.2]
	at org.jboss.profileservice.dependency.ProfileDeployAction.deploy(ProfileDeployAction.java:151) [:0.2.2]
	at org.jboss.profileservice.dependency.ProfileDeployAction.installActionInternal(ProfileDeployAction.java:94) [:0.2.2]
	at org.jboss.kernel.plugins.dependency.InstallsAwareAction.installAction(InstallsAwareAction.java:54) [jboss-kernel.jar:2.2.0.SP2]
	at org.jboss.kernel.plugins.dependency.InstallsAwareAction.installAction(InstallsAwareAction.java:42) [jboss-kernel.jar:2.2.0.SP2]
	at org.jboss.dependency.plugins.action.SimpleControllerContextAction.simpleInstallAction(SimpleControllerContextAction.java:62) [jboss-dependency.jar:2.2.0.SP2]
	at org.jboss.dependency.plugins.action.AccessControllerContextAction.install(AccessControllerContextAction.java:71) [jboss-dependency.jar:2.2.0.SP2]
	at org.jboss.dependency.plugins.AbstractControllerContextActions.install(AbstractControllerContextActions.java:51) [jboss-dependency.jar:2.2.0.SP2]
	at org.jboss.dependency.plugins.AbstractControllerContext.install(AbstractControllerContext.java:379) [jboss-dependency.jar:2.2.0.SP2]
	at org.jboss.dependency.plugins.AbstractController.install(AbstractController.java:2044) [jboss-dependency.jar:2.2.0.SP2]
	at org.jboss.dependency.plugins.AbstractController.incrementState(AbstractController.java:1083) [jboss-dependency.jar:2.2.0.SP2]
	at org.jboss.dependency.plugins.AbstractController.executeOrIncrementStateDirectly(AbstractController.java:1322) [jboss-dependency.jar:2.2.0.SP2]
	at org.jboss.dependency.plugins.AbstractController.resolveContexts(AbstractController.java:1246) [jboss-dependency.jar:2.2.0.SP2]
	at org.jboss.dependency.plugins.AbstractController.resolveContexts(AbstractController.java:1139) [jboss-dependency.jar:2.2.0.SP2]
	at org.jboss.dependency.plugins.AbstractController.change(AbstractController.java:939) [jboss-dependency.jar:2.2.0.SP2]
	at org.jboss.dependency.plugins.AbstractController.change(AbstractController.java:654) [jboss-dependency.jar:2.2.0.SP2]
	at org.jboss.profileservice.dependency.ProfileActivationWrapper$BasicProfileActivation.start(ProfileActivationWrapper.java:190) [:0.2.2]
	at org.jboss.profileservice.dependency.ProfileActivationWrapper.start(ProfileActivationWrapper.java:87) [:0.2.2]
	at org.jboss.profileservice.dependency.ProfileActivationService.activateProfile(ProfileActivationService.java:215) [:0.2.2]
	at org.jboss.profileservice.dependency.ProfileActivationService.activate(ProfileActivationService.java:159) [:0.2.2]
	at org.jboss.profileservice.bootstrap.AbstractProfileServiceBootstrap.activate(AbstractProfileServiceBootstrap.java:112) [:0.2.2]
	at org.jboss.profileservice.resolver.BasicResolverFactory$ProfileResolverFacade.deploy(BasicResolverFactory.java:87) [:0.2.2]
	at org.jboss.profileservice.bootstrap.AbstractProfileServiceBootstrap.start(AbstractProfileServiceBootstrap.java:91) [:0.2.2]
	at org.jboss.system.server.profileservice.bootstrap.BasicProfileServiceBootstrap.start(BasicProfileServiceBootstrap.java:132) [:6.1.0.Final]
	at org.jboss.system.server.profileservice.bootstrap.BasicProfileServiceBootstrap.start(BasicProfileServiceBootstrap.java:56) [:6.1.0.Final]
	at org.jboss.bootstrap.impl.base.server.AbstractServer.startBootstraps(AbstractServer.java:827) [jboss-bootstrap-impl-base.jar:2.1.0-alpha-6]
	at org.jboss.bootstrap.impl.base.server.AbstractServer$StartServerTask.run(AbstractServer.java:417) [jboss-bootstrap-impl-base.jar:2.1.0-alpha-6]
	at java.lang.Thread.run(Unknown Source) [:1.8.0_181]

14:57:36,099 WARN  [AbstractKernelController] Broken callback: ClassSingleCallbackItem@615853f{name=interface org.jboss.wsf.spi.metadata.DescriptorProcessor whenRequired=ControllerState@6d2bd51d{Installed} dependentState=ControllerState@6d2bd51d{Installed} attributeName=setProcessor owner=AbstractKernelControllerContext@77bc6b32{ metadata=AbstractBeanMetaData@2a399728{name=JMSDescriptorDeployer bean=org.jboss.webservices.integration.deployers.JMSDescriptorDeployer properties= classLoader=BeanMetaDataDeployer$DeploymentClassLoaderMetaData@170665c7{classloader=null} constructor=null autowireCandidate=true installCallbacks=[method=setProcessor, method=setParser]}name=JMSDescriptorDeployer target=org.jboss.webservices.integration.deployers.JMSDescriptorDeployer@20754296 state=Installed depends=AbstractDependencyInfo@4c501a50{}} signature=org.jboss.wsf.spi.metadata.DescriptorProcessor}: java.lang.ClassCastException: org.jboss.wsf.framework.deployment.jms.WebservicesDescriptorProcessorImpl cannot be cast to org.jboss.wsf.spi.metadata.jms.JMSDescriptorProcessor
	at org.jboss.webservices.integration.deployers.JMSDescriptorDeployer.setProcessor(JMSDescriptorDeployer.java:33) [:6.1.0.Final]
	at sun.reflect.NativeMethodAccessorImpl.invoke0(Native Method) [:1.8.0_181]
	at sun.reflect.NativeMethodAccessorImpl.invoke(Unknown Source) [:1.8.0_181]
	at sun.reflect.DelegatingMethodAccessorImpl.invoke(Unknown Source) [:1.8.0_181]
	at java.lang.reflect.Method.invoke(Unknown Source) [:1.8.0_181]
	at org.jboss.reflect.plugins.introspection.ReflectionUtils.invoke(ReflectionUtils.java:60) [jboss-reflect.jar:2.2.1.SP1]
	at org.jboss.reflect.plugins.introspection.ReflectMethodInfoImpl.invoke(ReflectMethodInfoImpl.java:168) [jboss-reflect.jar:2.2.1.SP1]
	at org.jboss.joinpoint.plugins.BasicMethodJoinPoint.dispatch(BasicMethodJoinPoint.java:66) [jboss-reflect.jar:2.2.1.SP1]
	at org.jboss.beans.info.plugins.AbstractBeanInfo.invoke(AbstractBeanInfo.java:300) [jboss-reflect.jar:2.2.1.SP1]
	at org.jboss.kernel.plugins.dependency.AbstractKernelControllerContext.invoke(AbstractKernelControllerContext.java:305) [jboss-kernel.jar:2.2.0.SP2]
	at org.jboss.kernel.plugins.dependency.ClassSingleCallbackItem.ownerCallback(ClassSingleCallbackItem.java:78) [jboss-kernel.jar:2.2.0.SP2]
	at org.jboss.dependency.plugins.AbstractController.resolveCallbacks(AbstractController.java:1887) [jboss-dependency.jar:2.2.0.SP2]
	at org.jboss.dependency.plugins.AbstractController.resolveCallbacks(AbstractController.java:1937) [jboss-dependency.jar:2.2.0.SP2]
	at org.jboss.dependency.plugins.AbstractController.incrementState(AbstractController.java:1092) [jboss-dependency.jar:2.2.0.SP2]
	at org.jboss.dependency.plugins.AbstractController.executeOrIncrementStateDirectly(AbstractController.java:1322) [jboss-dependency.jar:2.2.0.SP2]
	at org.jboss.dependency.plugins.AbstractController.resolveContexts(AbstractController.java:1246) [jboss-dependency.jar:2.2.0.SP2]
	at org.jboss.dependency.plugins.AbstractController.resolveContexts(AbstractController.java:1139) [jboss-dependency.jar:2.2.0.SP2]
	at org.jboss.dependency.plugins.AbstractController.install(AbstractController.java:894) [jboss-dependency.jar:2.2.0.SP2]
	at org.jboss.dependency.plugins.AbstractController.install(AbstractController.java:641) [jboss-dependency.jar:2.2.0.SP2]
	at org.jboss.deployers.vfs.deployer.kernel.BeanMetaDataDeployer.deploy(BeanMetaDataDeployer.java:182) [:2.2.2.GA]
	at org.jboss.deployers.vfs.deployer.kernel.BeanMetaDataDeployer.deploy(BeanMetaDataDeployer.java:58) [:2.2.2.GA]
	at org.jboss.deployers.spi.deployer.helpers.AbstractSimpleRealDeployer.internalDeploy(AbstractSimpleRealDeployer.java:63) [:2.2.2.GA]
	at org.jboss.deployers.spi.deployer.helpers.AbstractRealDeployer.deploy(AbstractRealDeployer.java:55) [:2.2.2.GA]
	at org.jboss.deployers.plugins.deployers.DeployerWrapper.deploy(DeployerWrapper.java:179) [:2.2.2.GA]
	at org.jboss.deployers.plugins.deployers.DeployersImpl.doDeploy(DeployersImpl.java:1832) [:2.2.2.GA]
	at org.jboss.deployers.plugins.deployers.DeployersImpl.doInstallParentFirst(DeployersImpl.java:1550) [:2.2.2.GA]
	at org.jboss.deployers.plugins.deployers.DeployersImpl.doInstallParentFirst(DeployersImpl.java:1571) [:2.2.2.GA]
	at org.jboss.deployers.plugins.deployers.DeployersImpl.install(DeployersImpl.java:1491) [:2.2.2.GA]
	at org.jboss.dependency.plugins.AbstractControllerContext.install(AbstractControllerContext.java:379) [jboss-dependency.jar:2.2.0.SP2]
	at org.jboss.dependency.plugins.AbstractController.install(AbstractController.java:2044) [jboss-dependency.jar:2.2.0.SP2]
	at org.jboss.dependency.plugins.AbstractController.incrementState(AbstractController.java:1083) [jboss-dependency.jar:2.2.0.SP2]
	at org.jboss.dependency.plugins.AbstractController.executeOrIncrementStateDirectly(AbstractController.java:1322) [jboss-dependency.jar:2.2.0.SP2]
	at org.jboss.dependency.plugins.AbstractController.resolveContexts(AbstractController.java:1246) [jboss-dependency.jar:2.2.0.SP2]
	at org.jboss.dependency.plugins.AbstractController.resolveContexts(AbstractController.java:1139) [jboss-dependency.jar:2.2.0.SP2]
	at org.jboss.dependency.plugins.AbstractController.change(AbstractController.java:939) [jboss-dependency.jar:2.2.0.SP2]
	at org.jboss.dependency.plugins.AbstractController.change(AbstractController.java:654) [jboss-dependency.jar:2.2.0.SP2]
	at org.jboss.deployers.plugins.deployers.DeployersImpl.change(DeployersImpl.java:1983) [:2.2.2.GA]
	at org.jboss.deployers.plugins.deployers.DeployersImpl.process(DeployersImpl.java:1076) [:2.2.2.GA]
	at org.jboss.deployers.plugins.main.MainDeployerImpl.process(MainDeployerImpl.java:679) [:2.2.2.GA]
	at org.jboss.system.server.profileservice.deployers.MainDeployerPlugin.process(MainDeployerPlugin.java:106) [:6.1.0.Final]
	at org.jboss.profileservice.dependency.ProfileControllerContext$DelegateDeployer.process(ProfileControllerContext.java:143) [:0.2.2]
	at org.jboss.profileservice.dependency.ProfileDeployAction.deploy(ProfileDeployAction.java:151) [:0.2.2]
	at org.jboss.profileservice.dependency.ProfileDeployAction.installActionInternal(ProfileDeployAction.java:94) [:0.2.2]
	at org.jboss.kernel.plugins.dependency.InstallsAwareAction.installAction(InstallsAwareAction.java:54) [jboss-kernel.jar:2.2.0.SP2]
	at org.jboss.kernel.plugins.dependency.InstallsAwareAction.installAction(InstallsAwareAction.java:42) [jboss-kernel.jar:2.2.0.SP2]
	at org.jboss.dependency.plugins.action.SimpleControllerContextAction.simpleInstallAction(SimpleControllerContextAction.java:62) [jboss-dependency.jar:2.2.0.SP2]
	at org.jboss.dependency.plugins.action.AccessControllerContextAction.install(AccessControllerContextAction.java:71) [jboss-dependency.jar:2.2.0.SP2]
	at org.jboss.dependency.plugins.AbstractControllerContextActions.install(AbstractControllerContextActions.java:51) [jboss-dependency.jar:2.2.0.SP2]
	at org.jboss.dependency.plugins.AbstractControllerContext.install(AbstractControllerContext.java:379) [jboss-dependency.jar:2.2.0.SP2]
	at org.jboss.dependency.plugins.AbstractController.install(AbstractController.java:2044) [jboss-dependency.jar:2.2.0.SP2]
	at org.jboss.dependency.plugins.AbstractController.incrementState(AbstractController.java:1083) [jboss-dependency.jar:2.2.0.SP2]
	at org.jboss.dependency.plugins.AbstractController.executeOrIncrementStateDirectly(AbstractController.java:1322) [jboss-dependency.jar:2.2.0.SP2]
	at org.jboss.dependency.plugins.AbstractController.resolveContexts(AbstractController.java:1246) [jboss-dependency.jar:2.2.0.SP2]
	at org.jboss.dependency.plugins.AbstractController.resolveContexts(AbstractController.java:1139) [jboss-dependency.jar:2.2.0.SP2]
	at org.jboss.dependency.plugins.AbstractController.change(AbstractController.java:939) [jboss-dependency.jar:2.2.0.SP2]
	at org.jboss.dependency.plugins.AbstractController.change(AbstractController.java:654) [jboss-dependency.jar:2.2.0.SP2]
	at org.jboss.profileservice.dependency.ProfileActivationWrapper$BasicProfileActivation.start(ProfileActivationWrapper.java:190) [:0.2.2]
	at org.jboss.profileservice.dependency.ProfileActivationWrapper.start(ProfileActivationWrapper.java:87) [:0.2.2]
	at org.jboss.profileservice.dependency.ProfileActivationService.activateProfile(ProfileActivationService.java:215) [:0.2.2]
	at org.jboss.profileservice.dependency.ProfileActivationService.activate(ProfileActivationService.java:159) [:0.2.2]
	at org.jboss.profileservice.bootstrap.AbstractProfileServiceBootstrap.activate(AbstractProfileServiceBootstrap.java:112) [:0.2.2]
	at org.jboss.profileservice.resolver.BasicResolverFactory$ProfileResolverFacade.deploy(BasicResolverFactory.java:87) [:0.2.2]
	at org.jboss.profileservice.bootstrap.AbstractProfileServiceBootstrap.start(AbstractProfileServiceBootstrap.java:91) [:0.2.2]
	at org.jboss.system.server.profileservice.bootstrap.BasicProfileServiceBootstrap.start(BasicProfileServiceBootstrap.java:132) [:6.1.0.Final]
	at org.jboss.system.server.profileservice.bootstrap.BasicProfileServiceBootstrap.start(BasicProfileServiceBootstrap.java:56) [:6.1.0.Final]
	at org.jboss.bootstrap.impl.base.server.AbstractServer.startBootstraps(AbstractServer.java:827) [jboss-bootstrap-impl-base.jar:2.1.0-alpha-6]
	at org.jboss.bootstrap.impl.base.server.AbstractServer$StartServerTask.run(AbstractServer.java:417) [jboss-bootstrap-impl-base.jar:2.1.0-alpha-6]
	at java.lang.Thread.run(Unknown Source) [:1.8.0_181]

14:57:36,432 INFO  [JSFImplManagementDeployer] Initialized 3 JSF configurations: [Mojarra-1.2, MyFaces-2.0, Mojarra-2.0]
14:57:43,162 ADVERTÊNCIA [FileConfigurationParser] AIO wasn't located on this platform, it will fall back to using pure Java NIO. If your platform is Linux, install LibAIO to enable the AIO journal
14:57:43,293 INFO  [JMXConnector] starting JMXConnector on host localhost:1090
14:57:43,372 INFO  [MailService] Mail Service bound to java:/Mail
14:57:44,231 INFORMAÇÕES [HornetQServerImpl] live server is starting with configuration HornetQ Configuration (clustered=false,backup=false,sharedStore=true,journalDirectory=C:\Users\onedo\Desktop\EDGAR\ejbfinal\jboss6\server\default\data/hornetq/journal,bindingsDirectory=C:\Users\onedo\Desktop\EDGAR\ejbfinal\jboss6\server\default\data/hornetq/bindings,largeMessagesDirectory=C:\Users\onedo\Desktop\EDGAR\ejbfinal\jboss6\server\default\data/hornetq/largemessages,pagingDirectory=C:\Users\onedo\Desktop\EDGAR\ejbfinal\jboss6\server\default\data/hornetq/paging)
14:57:44,232 INFORMAÇÕES [HornetQServerImpl] Waiting to obtain live lock
14:57:44,342 INFO  [JournalStorageManager] Using NIO Journal
14:57:44,360 ADVERTÊNCIA [HornetQServerImpl] Security risk! It has been detected that the cluster admin user and password have not been changed from the installation default. Please see the HornetQ user guide, cluster chapter, for instructions on how to do this.
14:57:44,496 INFO  [FileLockNodeManager] Waiting to obtain live lock
14:57:44,497 INFO  [FileLockNodeManager] Live Server Obtained live lock
14:57:45,225 INFO  [NettyAcceptor] Started Netty Acceptor version 3.2.3.Final-r${buildNumber} localhost:5455 for CORE protocol
14:57:45,230 INFO  [NettyAcceptor] Started Netty Acceptor version 3.2.3.Final-r${buildNumber} localhost:5445 for CORE protocol
14:57:45,236 INFORMAÇÕES [HornetQServerImpl] Server is now live
14:57:45,236 INFORMAÇÕES [HornetQServerImpl] HornetQ Server version 2.2.5.Final (HQ_2_2_5_FINAL_AS7, 121) [8b66d7ce-7218-11e1-8201-005056c00008] started
14:57:45,318 INFO  [WebService] Using RMI server codebase: http://localhost:8083/
14:57:45,689 INFO  [jbossatx] ARJUNA-32010 JBossTS Recovery Service (tag: JBOSSTS_4_14_0_Final) - JBoss Inc.
14:57:45,698 INFO  [arjuna] ARJUNA-12324 Start RecoveryActivators
14:57:45,739 INFO  [arjuna] ARJUNA-12296 ExpiredEntryMonitor running at Qui, 18 out 2018 14:57:45
14:57:46,358 INFO  [arjuna] ARJUNA-12310 Recovery manager listening on endpoint 127.0.0.1:4712
14:57:46,359 INFO  [arjuna] ARJUNA-12344 RecoveryManagerImple is ready on port 4712
14:57:46,359 INFO  [jbossatx] ARJUNA-32013 Starting transaction recovery manager
14:57:46,364 INFO  [arjuna] ARJUNA-12163 Starting service com.arjuna.ats.arjuna.recovery.ActionStatusService on port 4713
14:57:46,365 INFO  [arjuna] ARJUNA-12337 TransactionStatusManagerItem host: 127.0.0.1 port: 4713
14:57:46,369 INFO  [arjuna] ARJUNA-12170 TransactionStatusManager started on port 4713 and host 127.0.0.1 with service com.arjuna.ats.arjuna.recovery.ActionStatusService
14:57:46,394 INFO  [jbossatx] ARJUNA-32017 JBossTS Transaction Service (JTA version - tag: JBOSSTS_4_14_0_Final) - JBoss Inc.
14:57:46,437 INFO  [arjuna] ARJUNA-12202 registering bean jboss.jta:type=ObjectStore.
14:57:46,622 INFO  [AprLifecycleListener] The Apache Tomcat Native library which allows optimal performance in production environments was not found on the java.library.path: C:/Users/onedo/Desktop/EDGAR/ejbfinal/jboss6/bin/native
14:57:46,739 INFO  [ModClusterService] Initializing mod_cluster 1.1.0.Final
14:57:46,757 INFO  [TomcatDeployment] deploy, ctxPath=/invoker
14:57:47,173 INFO  [RARDeployment] Required license terms exist, view vfs:/C:/Users/onedo/Desktop/EDGAR/ejbfinal/jboss6/server/default/deploy/jboss-local-jdbc.rar/META-INF/ra.xml
14:57:47,180 INFO  [RARDeployment] Required license terms exist, view vfs:/C:/Users/onedo/Desktop/EDGAR/ejbfinal/jboss6/server/default/deploy/jboss-xa-jdbc.rar/META-INF/ra.xml
14:57:47,185 INFO  [RARDeployment] Required license terms exist, view vfs:/C:/Users/onedo/Desktop/EDGAR/ejbfinal/jboss6/server/default/deploy/jms-ra.rar/META-INF/ra.xml
14:57:47,195 INFO  [HornetQResourceAdapter] HornetQ resource adaptor started
14:57:47,198 INFO  [RARDeployment] Required license terms exist, view vfs:/C:/Users/onedo/Desktop/EDGAR/ejbfinal/jboss6/server/default/deploy/mail-ra.rar/META-INF/ra.xml
14:57:47,204 INFO  [RARDeployment] Required license terms exist, view vfs:/C:/Users/onedo/Desktop/EDGAR/ejbfinal/jboss6/server/default/deploy/quartz-ra.rar/META-INF/ra.xml
14:57:47,268 INFO  [SimpleThreadPool] Job execution threads will use class loader of thread: Thread-2
14:57:47,324 INFO  [SchedulerSignalerImpl] Initialized Scheduler Signaller of type: class org.quartz.core.SchedulerSignalerImpl
14:57:47,324 INFO  [QuartzScheduler] Quartz Scheduler v.1.8.3 created.
14:57:47,326 INFO  [RAMJobStore] RAMJobStore initialized.
14:57:47,328 INFO  [QuartzScheduler] Scheduler meta-data: Quartz Scheduler (v1.8.3) 'JBossQuartzScheduler' with instanceId 'NON_CLUSTERED'
  Scheduler class: 'org.quartz.core.QuartzScheduler' - running locally.
  NOT STARTED.
  Currently in standby mode.
  Number of jobs executed: 0
  Using thread pool 'org.quartz.simpl.SimpleThreadPool' - with 10 threads.
  Using job-store 'org.quartz.simpl.RAMJobStore' - which does not support persistence. and is not clustered.

14:57:47,328 INFO  [StdSchedulerFactory] Quartz scheduler 'JBossQuartzScheduler' initialized from an externally opened InputStream.
14:57:47,328 INFO  [StdSchedulerFactory] Quartz scheduler version: 1.8.3
14:57:47,329 INFO  [QuartzScheduler] Scheduler JBossQuartzScheduler_$_NON_CLUSTERED started.
14:57:47,860 INFO  [ConnectionFactoryBindingService] Bound ConnectionManager 'jboss.jca:service=DataSourceBinding,name=DefaultDS' to JNDI name 'java:DefaultDS'
14:57:48,041 INFO  [ConnectionFactoryBindingService] Bound ConnectionManager 'jboss.jca:service=ConnectionFactoryBinding,name=JmsXA' to JNDI name 'java:JmsXA'
14:57:48,066 INFO  [ConnectionFactoryBindingService] Bound ConnectionManager 'jboss.jca:service=DataSourceBinding,name=AvaliacaoDS' to JNDI name 'java:AvaliacaoDS'
14:57:48,127 INFO  [xnio] XNIO Version 2.1.0.CR2
14:57:48,136 INFO  [nio] XNIO NIO Implementation Version 2.1.0.CR2
14:57:48,507 INFO  [remoting] JBoss Remoting version 3.1.0.Beta2
14:57:48,604 INFO  [TomcatDeployment] deploy, ctxPath=/
14:57:48,714 INFORMAÇÕES [HornetQServerImpl] trying to deploy queue jms.queue.ExpiryQueue
14:57:48,747 INFORMAÇÕES [HornetQServerImpl] trying to deploy queue jms.queue.DLQ
14:57:48,768 INFORMAÇÕES [service] Removing bootstrap log handlers
15:05:34,289 INFORMAÇÕES [service] Restored bootstrap log handlers
15:05:34,303 INFO  [TomcatDeployment] undeploy, ctxPath=/
15:05:34,354 INFO  [SessionSpecContainer] Stopping jboss.j2ee:jar=AvaliacaoServerEJB.jar,name=AvaliacaoBean,service=EJB3
15:05:34,362 INFO  [EJBContainer] STOPPED EJB: br.com.fiap.bean.AvaliacaoBean ejbName: AvaliacaoBean
15:05:34,364 INFO  [PersistenceUnitDeployment] Stopping persistence unit persistence.unit:unitName=AvaliacaoServerEJB.jar#AvaliacaoDS
15:05:34,364 INFO  [SessionFactoryImpl] closing
15:05:34,364 INFO  [SessionFactoryObjectFactory] Unbinding factory from JNDI name: persistence.unit:unitName=AvaliacaoServerEJB.jar#AvaliacaoDS
15:05:34,365 INFO  [NamingHelper] JNDI InitialContext properties:{java.naming.factory.initial=org.jnp.interfaces.NamingContextFactory, java.naming.factory.url.pkgs=org.jboss.naming:org.jnp.interfaces}
15:05:34,365 INFO  [SessionFactoryObjectFactory] Unbound factory from JNDI name: persistence.unit:unitName=AvaliacaoServerEJB.jar#AvaliacaoDS
15:05:34,370 INFO  [ConnectionFactoryBindingService] Unbound ConnectionManager 'jboss.jca:service=DataSourceBinding,name=AvaliacaoDS' from JNDI name 'java:AvaliacaoDS'
15:05:34,390 INFO  [ConnectionFactoryBindingService] Unbound ConnectionManager 'jboss.jca:service=ConnectionFactoryBinding,name=JmsXA' from JNDI name 'java:JmsXA'
15:05:34,396 INFO  [PersistenceUnitDeployment] Stopping persistence unit persistence.unit:unitName=jboss-ejb3-timerservice-mk2.jar#timerdb
15:05:34,396 INFO  [SessionFactoryImpl] closing
15:05:34,396 INFO  [SessionFactoryObjectFactory] Unbinding factory from JNDI name: persistence.unit:unitName=jboss-ejb3-timerservice-mk2.jar#timerdb
15:05:34,397 INFO  [NamingHelper] JNDI InitialContext properties:{java.naming.factory.initial=org.jnp.interfaces.NamingContextFactory, java.naming.factory.url.pkgs=org.jboss.naming:org.jnp.interfaces}
15:05:34,397 INFO  [SessionFactoryObjectFactory] Unbound factory from JNDI name: persistence.unit:unitName=jboss-ejb3-timerservice-mk2.jar#timerdb
15:05:34,398 INFO  [ConnectionFactoryBindingService] Unbound ConnectionManager 'jboss.jca:service=DataSourceBinding,name=DefaultDS' from JNDI name 'java:DefaultDS'
15:05:34,605 INFO  [HypersonicDatabase] Database standalone closed clean
15:05:34,609 INFO  [QuartzScheduler] Scheduler JBossQuartzScheduler_$_NON_CLUSTERED shutting down.
15:05:34,610 INFO  [QuartzScheduler] Scheduler JBossQuartzScheduler_$_NON_CLUSTERED paused.
15:05:34,611 INFO  [QuartzScheduler] Scheduler JBossQuartzScheduler_$_NON_CLUSTERED shutdown complete.
15:05:34,611 WARN  [ComponentDeploymentContext] Removing name on null names: jboss.naming:application=quartz-ra
15:05:34,613 WARN  [ComponentDeploymentContext] Removing name on null names: jboss.naming:application=mail-ra
15:05:34,615 INFO  [HornetQResourceAdapter] HornetQ resource adapter stopped
15:05:34,615 WARN  [ComponentDeploymentContext] Removing name on null names: jboss.naming:application=jms-ra
15:05:34,617 WARN  [ComponentDeploymentContext] Removing name on null names: jboss.naming:application=jboss-xa-jdbc
15:05:34,620 WARN  [ComponentDeploymentContext] Removing name on null names: jboss.naming:application=jboss-local-jdbc
15:05:34,664 INFO  [TomcatDeployment] undeploy, ctxPath=/AvaliacaoServerEJB
15:05:34,690 INFO  [DefaultEndpointRegistry] remove: jboss.ws:context=AvaliacaoServerEJB,endpoint=AvaliacaoBean
15:05:34,701 INFO  [TomcatDeployment] undeploy, ctxPath=/invoker
15:05:34,751 INFO  [jbossatx] ARJUNA-32018 Destroying TransactionManagerService
15:05:34,765 INFO  [jbossatx] ARJUNA-32014 Stopping transaction recovery manager
15:05:34,877 INFORMAÇÕES [HornetQServerImpl] HornetQ Server version 2.2.5.Final (HQ_2_2_5_FINAL_AS7, 121) [8b66d7ce-7218-11e1-8201-005056c00008] stopped
15:05:34,932 INFO  [MailService] Mail service 'java:/Mail' removed from JNDI
15:05:34,936 INFO  [JMXConnector] JMXConnector stopped
15:05:36,656 INFO  [AbstractServer] Stopped: JBossAS [6.1.0.Final "Neo"] in 2s:430ms
